<?xml version="1.0" encoding="UTF-8"?>
<testng-results ignored="0" total="3" passed="3" failed="0" skipped="0">
  <reporter-output>
  </reporter-output>
  <suite started-at="2025-01-24T22:42:03 IST" name="Suite" finished-at="2025-01-24T22:43:31 IST" duration-ms="88070">
    <groups>
    </groups>
    <test started-at="2025-01-24T22:42:03 IST" name="Test1" finished-at="2025-01-24T22:42:52 IST" duration-ms="49281">
      <class name="com.Amazon.BrowserTest.AmazonBrowser_DockerTest">
        <test-method signature="browserTest(java.lang.String)[pri:0, instance:com.Amazon.BrowserTest.AmazonBrowser_DockerTest@4f83df68]" started-at="2025-01-24T22:42:03 IST" name="browserTest" finished-at="2025-01-24T22:42:52 IST" duration-ms="49185" status="PASS">
          <params>
            <param index="0">
              <value>
                <![CDATA[chrome]]>
              </value>
            </param>
          </params>
          <reporter-output>
          </reporter-output>
        </test-method> <!-- browserTest -->
      </class> <!-- com.Amazon.BrowserTest.AmazonBrowser_DockerTest -->
    </test> <!-- Test1 -->
    <test started-at="2025-01-24T22:42:03 IST" name="Test3" finished-at="2025-01-24T22:43:07 IST" duration-ms="64309">
      <class name="com.Amazon.BrowserTest.AmazonBrowser_DockerTest">
        <test-method signature="browserTest(java.lang.String)[pri:0, instance:com.Amazon.BrowserTest.AmazonBrowser_DockerTest@5542c4ed]" started-at="2025-01-24T22:42:03 IST" name="browserTest" finished-at="2025-01-24T22:43:07 IST" duration-ms="64198" status="PASS">
          <params>
            <param index="0">
              <value>
                <![CDATA[edge]]>
              </value>
            </param>
          </params>
          <reporter-output>
          </reporter-output>
        </test-method> <!-- browserTest -->
      </class> <!-- com.Amazon.BrowserTest.AmazonBrowser_DockerTest -->
    </test> <!-- Test3 -->
    <test started-at="2025-01-24T22:42:03 IST" name="Test2" finished-at="2025-01-24T22:43:31 IST" duration-ms="88070">
      <class name="com.Amazon.BrowserTest.AmazonBrowser_DockerTest">
        <test-method signature="browserTest(java.lang.String)[pri:0, instance:com.Amazon.BrowserTest.AmazonBrowser_DockerTest@3b69e7d1]" started-at="2025-01-24T22:42:03 IST" name="browserTest" finished-at="2025-01-24T22:43:31 IST" duration-ms="87977" status="PASS">
          <params>
            <param index="0">
              <value>
                <![CDATA[mozilla]]>
              </value>
            </param>
          </params>
          <reporter-output>
          </reporter-output>
        </test-method> <!-- browserTest -->
      </class> <!-- com.Amazon.BrowserTest.AmazonBrowser_DockerTest -->
    </test> <!-- Test2 -->
  </suite> <!-- Suite -->
</testng-results>
